  main.cpp
D:\project\program\vs2017project\ConsoleApplication1\ViewFrame.h(187,12): warning C4244: “初始化”: 从“int”转换到“float”，可能丢失数据
D:\project\program\vs2017project\ConsoleApplication1\ViewFrame.h(188,12): warning C4244: “初始化”: 从“int”转换到“float”，可能丢失数据
D:\project\program\vs2017project\ConsoleApplication1\main.cpp(67,16): warning C4244: “=”: 从“int”转换到“float”，可能丢失数据
D:\project\program\vs2017project\ConsoleApplication1\main.cpp(68,16): warning C4244: “=”: 从“int”转换到“float”，可能丢失数据
D:\project\program\vs2017project\ConsoleApplication1\main.cpp(69,37): warning C4305: “初始化”: 从“double”到“GLfloat”截断
D:\project\program\vs2017project\ConsoleApplication1\main.cpp(69,42): warning C4305: “初始化”: 从“double”到“GLfloat”截断
D:\project\program\vs2017project\ConsoleApplication1\main.cpp(69,47): warning C4305: “初始化”: 从“double”到“GLfloat”截断
D:\project\program\vs2017project\ConsoleApplication1\main.cpp(99,25): warning C4305: “=”: 从“double”到“float”截断
D:\project\program\vs2017project\ConsoleApplication1\main.cpp(100,26): warning C4305: “=”: 从“double”到“float”截断
D:\project\program\vs2017project\ConsoleApplication1\main.cpp(101,25): warning C4305: “=”: 从“double”到“float”截断
D:\project\program\vs2017project\ConsoleApplication1\main.cpp(160,48): warning C4305: “初始化”: 从“double”到“GLfloat”截断
D:\project\program\vs2017project\ConsoleApplication1\main.cpp(259,28): warning C4305: “初始化”: 从“double”到“GLfloat”截断
D:\project\program\vs2017project\ConsoleApplication1\main.cpp(259,32): warning C4305: “初始化”: 从“double”到“GLfloat”截断
D:\project\program\vs2017project\ConsoleApplication1\main.cpp(259,37): warning C4305: “初始化”: 从“double”到“GLfloat”截断
D:\project\program\vs2017project\ConsoleApplication1\main.cpp(258,11): warning C4101: “y”: 未引用的局部变量
D:\project\program\vs2017project\ConsoleApplication1\main.cpp(258,8): warning C4101: “x”: 未引用的局部变量
D:\project\program\vs2017project\ConsoleApplication1\main.cpp(372,34): warning C4305: “初始化”: 从“double”到“GLfloat”截断
D:\project\program\vs2017project\ConsoleApplication1\main.cpp(372,39): warning C4305: “初始化”: 从“double”到“GLfloat”截断
D:\project\program\vs2017project\ConsoleApplication1\main.cpp(372,44): warning C4305: “初始化”: 从“double”到“GLfloat”截断
D:\project\program\vs2017project\ConsoleApplication1\main.cpp(372,49): warning C4305: “初始化”: 从“double”到“GLfloat”截断
D:\project\program\vs2017project\ConsoleApplication1\main.cpp(373,34): warning C4305: “初始化”: 从“double”到“GLfloat”截断
D:\project\program\vs2017project\ConsoleApplication1\main.cpp(373,39): warning C4305: “初始化”: 从“double”到“GLfloat”截断
D:\project\program\vs2017project\ConsoleApplication1\main.cpp(373,44): warning C4305: “初始化”: 从“double”到“GLfloat”截断
D:\project\program\vs2017project\ConsoleApplication1\main.cpp(373,49): warning C4305: “初始化”: 从“double”到“GLfloat”截断
D:\project\program\vs2017project\ConsoleApplication1\main.cpp(384,22): warning C4244: “=”: 从“double”转换到“float”，可能丢失数据
D:\project\program\vs2017project\ConsoleApplication1\main.cpp(388,23): warning C4244: “=”: 从“double”转换到“float”，可能丢失数据
D:\project\program\vs2017project\ConsoleApplication1\main.cpp(490,11): warning C4244: “初始化”: 从“double”转换到“float”，可能丢失数据
D:\project\program\vs2017project\ConsoleApplication1\main.cpp(491,11): warning C4244: “初始化”: 从“double”转换到“float”，可能丢失数据
D:\project\program\vs2017project\ConsoleApplication1\main.cpp(492,11): warning C4244: “初始化”: 从“double”转换到“float”，可能丢失数据
D:\project\program\vs2017project\ConsoleApplication1\main.cpp(493,11): warning C4244: “初始化”: 从“double”转换到“float”，可能丢失数据
D:\project\program\vs2017project\ConsoleApplication1\main.cpp(537,18): warning C4244: “=”: 从“int”转换到“float”，可能丢失数据
D:\project\program\vs2017project\ConsoleApplication1\main.cpp(538,18): warning C4244: “=”: 从“int”转换到“float”，可能丢失数据
D:\project\program\vs2017project\ConsoleApplication1\main.cpp(543,18): warning C4244: “=”: 从“int”转换到“float”，可能丢失数据
D:\project\program\vs2017project\ConsoleApplication1\main.cpp(544,18): warning C4244: “=”: 从“int”转换到“float”，可能丢失数据
D:\project\program\vs2017project\ConsoleApplication1\main.cpp(545,18): warning C4244: “=”: 从“int”转换到“float”，可能丢失数据
D:\project\program\vs2017project\ConsoleApplication1\main.cpp(546,18): warning C4244: “=”: 从“int”转换到“float”，可能丢失数据
D:\project\program\vs2017project\ConsoleApplication1\main.cpp(556,19): warning C4244: “+=”: 从“double”转换到“int”，可能丢失数据
D:\project\program\vs2017project\ConsoleApplication1\main.cpp(558,13): warning C4244: “参数”: 从“int”转换到“GLfloat”，可能丢失数据
D:\project\program\vs2017project\ConsoleApplication1\main.cpp(477,11): warning C4101: “y”: 未引用的局部变量
D:\project\program\vs2017project\ConsoleApplication1\main.cpp(477,8): warning C4101: “x”: 未引用的局部变量
D:\project\program\vs2017project\ConsoleApplication1\main.cpp(592,21): warning C4244: “=”: 从“double”转换到“float”，可能丢失数据
D:\project\program\vs2017project\ConsoleApplication1\main.cpp(593,21): warning C4244: “=”: 从“double”转换到“float”，可能丢失数据
D:\project\program\vs2017project\ConsoleApplication1\main.cpp(595,25): warning C4244: “参数”: 从“double”转换到“GLfloat”，可能丢失数据
D:\project\program\vs2017project\ConsoleApplication1\main.cpp(616,21): warning C4244: “=”: 从“double”转换到“float”，可能丢失数据
D:\project\program\vs2017project\ConsoleApplication1\main.cpp(617,21): warning C4244: “=”: 从“double”转换到“float”，可能丢失数据
D:\project\program\vs2017project\ConsoleApplication1\main.cpp(619,25): warning C4244: “参数”: 从“double”转换到“GLfloat”，可能丢失数据
D:\project\program\vs2017project\ConsoleApplication1\main.cpp(828,9): warning C4244: “初始化”: 从“float”转换到“int”，可能丢失数据
D:\project\program\vs2017project\ConsoleApplication1\main.cpp(829,14): warning C4244: “初始化”: 从“float”转换到“int”，可能丢失数据
D:\project\program\vs2017project\ConsoleApplication1\main.cpp(830,14): warning C4244: “初始化”: 从“float”转换到“int”，可能丢失数据
D:\project\program\vs2017project\ConsoleApplication1\main.cpp(832,11): warning C4244: “初始化”: 从“double”转换到“float”，可能丢失数据
D:\project\program\vs2017project\ConsoleApplication1\main.cpp(833,11): warning C4244: “初始化”: 从“double”转换到“float”，可能丢失数据
D:\project\program\vs2017project\ConsoleApplication1\main.cpp(841,9): warning C4244: “初始化”: 从“float”转换到“int”，可能丢失数据
D:\project\program\vs2017project\ConsoleApplication1\main.cpp(842,14): warning C4244: “初始化”: 从“float”转换到“int”，可能丢失数据
D:\project\program\vs2017project\ConsoleApplication1\main.cpp(843,14): warning C4244: “初始化”: 从“float”转换到“int”，可能丢失数据
D:\project\program\vs2017project\ConsoleApplication1\main.cpp(845,13): warning C4244: “=”: 从“int”转换到“float”，可能丢失数据
D:\project\program\vs2017project\ConsoleApplication1\main.cpp(846,13): warning C4244: “=”: 从“int”转换到“float”，可能丢失数据
D:\project\program\vs2017project\ConsoleApplication1\main.cpp(874,26): warning C4305: “+=”: 从“double”到“float”截断
D:\project\program\vs2017project\ConsoleApplication1\main.cpp(879,26): warning C4305: “-=”: 从“double”到“float”截断
D:\project\program\vs2017project\ConsoleApplication1\main.cpp(881,23): warning C4305: “=”: 从“double”到“float”截断
D:\project\program\vs2017project\ConsoleApplication1\main.cpp(898,12): warning C4244: “参数”: 从“time_t”转换到“unsigned int”，可能丢失数据
D:\project\program\vs2017project\ConsoleApplication1\main.cpp(901,35): warning C4244: “参数”: 从“float”转换到“int”，可能丢失数据
D:\project\program\vs2017project\ConsoleApplication1\main.cpp(901,21): warning C4244: “参数”: 从“float”转换到“int”，可能丢失数据
  ConsoleApplication1.vcxproj -> D:\project\program\vs2017project\ConsoleApplication1\Debug\ConsoleApplication1.exe
